<?xml version="1.0" encoding="UTF-8"?>
<!-- Generated by org.testng.reporters.JUnitXMLReporter -->
<testsuite ignored="2" hostname="DESKTOP-JA5A46S" failures="0" tests="2" name="Test" time="12.31" errors="0" timestamp="2025-04-15T07:50:39 IST">
  <testcase classname="genericUtilities.BaseClass" name="@BeforeMethod bmConfig" time="0.01">
    <failure type="java.lang.Error" message="Unresolved compilation problems: 
	findAll cannot be resolved to a type
	Syntax error on token &amp;quot;}&amp;quot;, delete this token
	The method sendkeys(String) is undefined for the type WebElement
">
      <![CDATA[java.lang.Error: Unresolved compilation problems: 
findAll cannot be resolved to a type
Syntax error on token "}", delete this token
The method sendkeys(String) is undefined for the type WebElement

at objectRepository.LoginPage.<init>(LoginPage.java:18)
at genericUtilities.BaseClass.bmConfig(BaseClass.java:53)
at java.base/java.util.ArrayList.forEach(ArrayList.java:1596)
... Removed 29 stack frames]]>
    </failure>
  </testcase> <!-- @BeforeMethod bmConfig -->
  <testcase classname="genericUtilities.BaseClass" name="@AfterMethod amConfig" time="0.0">
    <skipped/>
  </testcase> <!-- @AfterMethod amConfig -->
  <testcase classname="genericUtilities.BaseClass" name="@AfterClass acConfig" time="0.0">
    <skipped/>
  </testcase> <!-- @AfterClass acConfig -->
  <testcase classname="genericUtilities.BaseClass" name="@BeforeMethod bmConfig" time="0.005">
    <failure type="java.lang.Error" message="Unresolved compilation problems: 
	findAll cannot be resolved to a type
	Syntax error on token &amp;quot;}&amp;quot;, delete this token
	The method sendkeys(String) is undefined for the type WebElement
">
      <![CDATA[java.lang.Error: Unresolved compilation problems: 
findAll cannot be resolved to a type
Syntax error on token "}", delete this token
The method sendkeys(String) is undefined for the type WebElement

at objectRepository.LoginPage.<init>(LoginPage.java:18)
at genericUtilities.BaseClass.bmConfig(BaseClass.java:53)
at java.base/java.util.ArrayList.forEach(ArrayList.java:1596)
... Removed 29 stack frames]]>
    </failure>
  </testcase> <!-- @BeforeMethod bmConfig -->
  <testcase classname="genericUtilities.BaseClass" name="@AfterMethod amConfig" time="0.0">
    <skipped/>
  </testcase> <!-- @AfterMethod amConfig -->
  <testcase classname="genericUtilities.BaseClass" name="@AfterClass acConfig" time="0.0">
    <skipped/>
  </testcase> <!-- @AfterClass acConfig -->
  <testcase classname="inventoryTest.AddProductToCartTest" name="tc_001_AddProductToCartTest" time="0.0">
    <skipped/>
  </testcase> <!-- tc_001_AddProductToCartTest -->
  <testcase classname="inventoryTest.AddLowestPriceProductToCartTest" name="addLowestPriceProductTest" time="0.0">
    <skipped/>
  </testcase> <!-- addLowestPriceProductTest -->
  <testcase classname="genericUtilities.BaseClass" name="@BeforeSuite bsConfig" time="0.0">
    <ignored/>
  </testcase> <!-- @BeforeSuite bsConfig -->
  <testcase classname="genericUtilities.BaseClass" name="@AfterSuite asConfig" time="0.0">
    <ignored/>
  </testcase> <!-- @AfterSuite asConfig -->
</testsuite> <!-- Test -->
